[0908/022647.009:ERROR:crash_report_database_win.cc(428)] unexpected header
[0910/191820.220:ERROR:crash_report_database_win.cc(428)] unexpected header
[0913/214539.767:ERROR:crash_report_database_win.cc(428)] unexpected header
[0918/164151.400:ERROR:crash_report_database_win.cc(428)] unexpected header
[0918/171954.874:ERROR:crash_report_database_win.cc(428)] unexpected header
[0918/185509.253:ERROR:crash_report_database_win.cc(428)] unexpected header
[0921/143957.628:ERROR:crash_report_database_win.cc(428)] unexpected header
[0924/153513.557:ERROR:crash_report_database_win.cc(428)] unexpected header
[1002/172504.842:ERROR:crash_report_database_win.cc(428)] unexpected header
[1002/174955.747:ERROR:crash_report_database_win.cc(428)] unexpected header
[1009/012030.155:ERROR:crash_report_database_win.cc(428)] unexpected header
[1013/185345.774:ERROR:crash_report_database_win.cc(428)] unexpected header
[1013/185441.730:ERROR:crash_report_database_win.cc(428)] unexpected header
[1013/203501.348:ERROR:crash_report_database_win.cc(428)] unexpected header
[1016/183631.733:ERROR:crash_report_database_win.cc(457)] unexpected header
[1017/194908.417:ERROR:crash_report_database_win.cc(457)] unexpected header
[1022/221909.928:ERROR:directory_reader_win.cc(43)] FindFirstFile: O sistema não pode encontrar o caminho especificado. (0x3)
[1023/224118.077:ERROR:process_reader_win.cc(123)] NtOpenThread: {Acesso Negado} Um processo solicitou acesso a um objeto, mas o direito de acesso não lhe foi concedido. (0xc0000022)
[1023/224118.077:ERROR:process_reader_win.cc(123)] NtOpenThread: {Acesso Negado} Um processo solicitou acesso a um objeto, mas o direito de acesso não lhe foi concedido. (0xc0000022)
[1023/224118.075:ERROR:process_reader_win.cc(123)] NtOpenThread: {Acesso Negado} Um processo solicitou acesso a um objeto, mas o direito de acesso não lhe foi concedido. (0xc0000022)
[1023/224118.076:ERROR:process_reader_win.cc(123)] NtOpenThread: {Acesso Negado} Um processo solicitou acesso a um objeto, mas o direito de acesso não lhe foi concedido. (0xc0000022)
[1023/224118.105:ERROR:process_reader_win.cc(123)] NtOpenThread: {Acesso Negado} Um processo solicitou acesso a um objeto, mas o direito de acesso não lhe foi concedido. (0xc0000022)
[1023/224118.079:ERROR:process_reader_win.cc(123)] NtOpenThread: {Acesso Negado} Um processo solicitou acesso a um objeto, mas o direito de acesso não lhe foi concedido. (0xc0000022)
[1023/224118.311:ERROR:exception_snapshot_win.cc(99)] thread ID 16592 not found in process
[1023/224118.075:ERROR:process_reader_win.cc(123)] NtOpenThread: {Acesso Negado} Um processo solicitou acesso a um objeto, mas o direito de acesso não lhe foi concedido. (0xc0000022)
[1023/224118.311:ERROR:exception_snapshot_win.cc(99)] thread ID 18320 not found in process
[1023/224118.311:ERROR:exception_snapshot_win.cc(99)] thread ID 12988 not found in process
[1023/224118.311:ERROR:exception_snapshot_win.cc(99)] thread ID 17484 not found in process
[1023/224118.075:ERROR:process_reader_win.cc(123)] NtOpenThread: {Acesso Negado} Um processo solicitou acesso a um objeto, mas o direito de acesso não lhe foi concedido. (0xc0000022)
[1023/224118.311:ERROR:exception_snapshot_win.cc(99)] thread ID 16704 not found in process
[1023/224118.170:ERROR:process_reader_win.cc(123)] NtOpenThread: {Acesso Negado} Um processo solicitou acesso a um objeto, mas o direito de acesso não lhe foi concedido. (0xc0000022)
[1023/224118.311:ERROR:exception_snapshot_win.cc(99)] thread ID 11424 not found in process
[1023/224118.311:ERROR:exception_snapshot_win.cc(99)] thread ID 19228 not found in process
[1023/224118.312:ERROR:exception_snapshot_win.cc(99)] thread ID 14776 not found in process
[1023/224118.312:ERROR:exception_snapshot_win.cc(99)] thread ID 14804 not found in process
[1023/224118.312:ERROR:scoped_process_suspend.cc(40)] NtResumeProcess: Tentou-se acessar um processo de saída. (0xc000010a)
[1023/224118.312:ERROR:scoped_process_suspend.cc(40)] NtResumeProcess: Tentou-se acessar um processo de saída. (0xc000010a)
[1023/224118.312:ERROR:scoped_process_suspend.cc(40)] NtResumeProcess: Tentou-se acessar um processo de saída. (0xc000010a)
[1023/224118.312:ERROR:scoped_process_suspend.cc(40)] NtResumeProcess: Tentou-se acessar um processo de saída. (0xc000010a)
[1023/224118.312:ERROR:scoped_process_suspend.cc(40)] NtResumeProcess: Tentou-se acessar um processo de saída. (0xc000010a)
[1023/224118.312:ERROR:scoped_process_suspend.cc(40)] NtResumeProcess: Tentou-se acessar um processo de saída. (0xc000010a)
[1023/224118.312:ERROR:scoped_process_suspend.cc(40)] NtResumeProcess: Tentou-se acessar um processo de saída. (0xc000010a)
[1023/224118.312:ERROR:scoped_process_suspend.cc(40)] NtResumeProcess: Tentou-se acessar um processo de saída. (0xc000010a)
[1023/224118.311:ERROR:scoped_process_suspend.cc(40)] NtResumeProcess: Tentou-se acessar um processo de saída. (0xc000010a)
[1024/163302.211:ERROR:directory_reader_win.cc(43)] FindFirstFile: O sistema não pode encontrar o caminho especificado. (0x3)
